32
MarsXv1
MatasH PrabhakarR ClementT MichalB
MarsLitev5
TatiyanaC BakhodirD
DaydreamLitev7
BakhodirW
SnapshotZv3
NellyX PhilippY PhilippI PhilippP SundarP
GameProv6
LarryO StefanQ SusanQ
DriveZv9
NellyY HiroshiW
DaydreamLitev7
SundarH
SitesSv1
ClementL SergeyU
DaydreamLitev7
BenjaminO
GlassOSLitev9
PhilippK FionaJ PhilippH BakhodirG SundarA HiroshiF
GlassOSSv3
JenZ MatasW
CastOSProv6
LarryX
WebserverProv6
PhilippP
CalendarNextv8
PetarF MichalB
ReleaseUltrav1
BakhodirD ClementT
StreetViewXv1
TatiyanaC FionaF JenK
ResearchXv8
ClementM MatasC BakhodirW ClementE SundarP
GameProv3
PhilippY
ConnectLitev9
SundarA
AlertsLitev7
SergeyT BenjaminT PrabhakarR SergeyN
StreamXv9
LarryO
ShoppingProv8
FionaN PhilippI
SlidesNextv2
PhilippH JenZ
AndroidTVXv9
TatiyanaC SundarL MatasW
BuildMaxv1
PetarF NellyY RuthX SergeyV MichalB
MapsProv8
LarryX StefanQ HiroshiW
DocsNextv2
SundarP JenK ClementL
ShortsNextv7
FionaF PrabhakarR PhilippY
KeepXv5
PhilippP MichalP HiroshiF
CastOSLitev5
BakhodirD BakhodirG ClementM
FeedBurnerMaxv3
TatiyanaC LarryO
FeedBurnerMaxv1
PrabhakarR ThomasK ClementL MichalB